<?xml version="1.0" encoding="UTF-8"?>
<testsuite xmlns:xsi="http://www.w3.org/2001/XMLSchema-instance" xsi:noNamespaceSchemaLocation="https://maven.apache.org/surefire/maven-surefire-plugin/xsd/surefire-test-report-3.0.xsd" version="3.0" name="edu.school21.repositories.ProductRepositoryJdbcImplTest" time="0.741" tests="5" errors="0" skipped="0" failures="0">
  <properties>
    <property name="java.specification.version" value="18"/>
    <property name="sun.jnu.encoding" value="UTF-8"/>
    <property name="java.class.path" value="/Users/evgeniyaburlachenko/IdeaProjects/java_piscine/Day06/ex02/Tests/target/test-classes:/Users/evgeniyaburlachenko/IdeaProjects/java_piscine/Day06/ex02/Tests/target/classes:/Users/evgeniyaburlachenko/.m2/repository/org/junit/jupiter/junit-jupiter-api/5.8.2/junit-jupiter-api-5.8.2.jar:/Users/evgeniyaburlachenko/.m2/repository/org/opentest4j/opentest4j/1.2.0/opentest4j-1.2.0.jar:/Users/evgeniyaburlachenko/.m2/repository/org/junit/platform/junit-platform-commons/1.8.2/junit-platform-commons-1.8.2.jar:/Users/evgeniyaburlachenko/.m2/repository/org/apiguardian/apiguardian-api/1.1.2/apiguardian-api-1.1.2.jar:/Users/evgeniyaburlachenko/.m2/repository/org/junit/jupiter/junit-jupiter-engine/5.8.2/junit-jupiter-engine-5.8.2.jar:/Users/evgeniyaburlachenko/.m2/repository/org/junit/platform/junit-platform-engine/1.8.2/junit-platform-engine-1.8.2.jar:/Users/evgeniyaburlachenko/.m2/repository/org/junit/jupiter/junit-jupiter-params/5.8.2/junit-jupiter-params-5.8.2.jar:/Users/evgeniyaburlachenko/.m2/repository/org/hsqldb/hsqldb/2.2.9/hsqldb-2.2.9.jar:/Users/evgeniyaburlachenko/.m2/repository/org/springframework/spring-jdbc/5.3.19/spring-jdbc-5.3.19.jar:/Users/evgeniyaburlachenko/.m2/repository/org/springframework/spring-beans/5.3.19/spring-beans-5.3.19.jar:/Users/evgeniyaburlachenko/.m2/repository/org/springframework/spring-core/5.3.19/spring-core-5.3.19.jar:/Users/evgeniyaburlachenko/.m2/repository/org/springframework/spring-jcl/5.3.19/spring-jcl-5.3.19.jar:/Users/evgeniyaburlachenko/.m2/repository/org/springframework/spring-tx/5.3.19/spring-tx-5.3.19.jar:/Users/evgeniyaburlachenko/.m2/repository/commons-lang/commons-lang/2.5/commons-lang-2.5.jar:"/>
    <property name="java.vm.vendor" value="Oracle Corporation"/>
    <property name="sun.arch.data.model" value="64"/>
    <property name="java.vendor.url" value="https://java.oracle.com/"/>
    <property name="user.timezone" value="Europe/Moscow"/>
    <property name="os.name" value="Mac OS X"/>
    <property name="java.vm.specification.version" value="18"/>
    <property name="sun.java.launcher" value="SUN_STANDARD"/>
    <property name="user.country" value="RU"/>
    <property name="sun.boot.library.path" value="/Users/evgeniyaburlachenko/Library/Java/JavaVirtualMachines/openjdk-18/Contents/Home/lib"/>
    <property name="sun.java.command" value="/Users/evgeniyaburlachenko/IdeaProjects/java_piscine/Day06/ex02/Tests/target/surefire/surefirebooter12364108480499472286.jar /Users/evgeniyaburlachenko/IdeaProjects/java_piscine/Day06/ex02/Tests/target/surefire 2022-04-29T02-06-11_413-jvmRun1 surefire3994178753419751468tmp surefire_06022132697362718967tmp"/>
    <property name="http.nonProxyHosts" value="local|*.local|169.254/16|*.169.254/16"/>
    <property name="jdk.debug" value="release"/>
    <property name="surefire.test.class.path" value="/Users/evgeniyaburlachenko/IdeaProjects/java_piscine/Day06/ex02/Tests/target/test-classes:/Users/evgeniyaburlachenko/IdeaProjects/java_piscine/Day06/ex02/Tests/target/classes:/Users/evgeniyaburlachenko/.m2/repository/org/junit/jupiter/junit-jupiter-api/5.8.2/junit-jupiter-api-5.8.2.jar:/Users/evgeniyaburlachenko/.m2/repository/org/opentest4j/opentest4j/1.2.0/opentest4j-1.2.0.jar:/Users/evgeniyaburlachenko/.m2/repository/org/junit/platform/junit-platform-commons/1.8.2/junit-platform-commons-1.8.2.jar:/Users/evgeniyaburlachenko/.m2/repository/org/apiguardian/apiguardian-api/1.1.2/apiguardian-api-1.1.2.jar:/Users/evgeniyaburlachenko/.m2/repository/org/junit/jupiter/junit-jupiter-engine/5.8.2/junit-jupiter-engine-5.8.2.jar:/Users/evgeniyaburlachenko/.m2/repository/org/junit/platform/junit-platform-engine/1.8.2/junit-platform-engine-1.8.2.jar:/Users/evgeniyaburlachenko/.m2/repository/org/junit/jupiter/junit-jupiter-params/5.8.2/junit-jupiter-params-5.8.2.jar:/Users/evgeniyaburlachenko/.m2/repository/org/hsqldb/hsqldb/2.2.9/hsqldb-2.2.9.jar:/Users/evgeniyaburlachenko/.m2/repository/org/springframework/spring-jdbc/5.3.19/spring-jdbc-5.3.19.jar:/Users/evgeniyaburlachenko/.m2/repository/org/springframework/spring-beans/5.3.19/spring-beans-5.3.19.jar:/Users/evgeniyaburlachenko/.m2/repository/org/springframework/spring-core/5.3.19/spring-core-5.3.19.jar:/Users/evgeniyaburlachenko/.m2/repository/org/springframework/spring-jcl/5.3.19/spring-jcl-5.3.19.jar:/Users/evgeniyaburlachenko/.m2/repository/org/springframework/spring-tx/5.3.19/spring-tx-5.3.19.jar:/Users/evgeniyaburlachenko/.m2/repository/commons-lang/commons-lang/2.5/commons-lang-2.5.jar:"/>
    <property name="sun.cpu.endian" value="little"/>
    <property name="user.home" value="/Users/evgeniyaburlachenko"/>
    <property name="user.language" value="en"/>
    <property name="java.specification.vendor" value="Oracle Corporation"/>
    <property name="java.version.date" value="2022-03-22"/>
    <property name="java.home" value="/Users/evgeniyaburlachenko/Library/Java/JavaVirtualMachines/openjdk-18/Contents/Home"/>
    <property name="file.separator" value="/"/>
    <property name="basedir" value="/Users/evgeniyaburlachenko/IdeaProjects/java_piscine/Day06/ex02/Tests"/>
    <property name="java.vm.compressedOopsMode" value="Zero based"/>
    <property name="line.separator" value="&#10;"/>
    <property name="java.vm.specification.vendor" value="Oracle Corporation"/>
    <property name="java.specification.name" value="Java Platform API Specification"/>
    <property name="apple.awt.application.name" value="ForkedBooter"/>
    <property name="surefire.real.class.path" value="/Users/evgeniyaburlachenko/IdeaProjects/java_piscine/Day06/ex02/Tests/target/surefire/surefirebooter12364108480499472286.jar"/>
    <property name="sun.management.compiler" value="HotSpot 64-Bit Tiered Compilers"/>
    <property name="ftp.nonProxyHosts" value="local|*.local|169.254/16|*.169.254/16"/>
    <property name="java.runtime.version" value="18+36-2087"/>
    <property name="user.name" value="evgeniyaburlachenko"/>
    <property name="path.separator" value=":"/>
    <property name="os.version" value="11.4"/>
    <property name="java.runtime.name" value="OpenJDK Runtime Environment"/>
    <property name="file.encoding" value="UTF-8"/>
    <property name="java.vm.name" value="OpenJDK 64-Bit Server VM"/>
    <property name="localRepository" value="/Users/evgeniyaburlachenko/.m2/repository"/>
    <property name="java.vendor.url.bug" value="https://bugreport.java.com/bugreport/"/>
    <property name="java.io.tmpdir" value="/var/folders/dg/nc4gzwzj7193y0p20_cpqbkh0000gn/T/"/>
    <property name="idea.version" value="2022.1"/>
    <property name="java.version" value="18"/>
    <property name="user.dir" value="/Users/evgeniyaburlachenko/IdeaProjects/java_piscine/Day06/ex02/Tests"/>
    <property name="os.arch" value="x86_64"/>
    <property name="java.vm.specification.name" value="Java Virtual Machine Specification"/>
    <property name="native.encoding" value="UTF-8"/>
    <property name="java.library.path" value="/Users/evgeniyaburlachenko/Library/Java/Extensions:/Library/Java/Extensions:/Network/Library/Java/Extensions:/System/Library/Java/Extensions:/usr/lib/java:."/>
    <property name="java.vm.info" value="mixed mode, sharing"/>
    <property name="java.vendor" value="Oracle Corporation"/>
    <property name="java.vm.version" value="18+36-2087"/>
    <property name="sun.io.unicode.encoding" value="UnicodeBig"/>
    <property name="socksNonProxyHosts" value="local|*.local|169.254/16|*.169.254/16"/>
    <property name="java.class.version" value="62.0"/>
  </properties>
  <testcase name="testFindAll" classname="edu.school21.repositories.ProductRepositoryJdbcImplTest" time="0.411">
    <system-err><![CDATA[Apr 29, 2022 2:06:13 AM org.springframework.jdbc.datasource.embedded.EmbeddedDatabaseFactory initDatabase
INFO: Starting embedded database: url='jdbc:hsqldb:mem:testdb', username='sa'
Apr 29, 2022 2:06:13 AM org.springframework.jdbc.datasource.embedded.EmbeddedDatabaseFactory shutdownDatabase
INFO: Shutting down embedded database: url='jdbc:hsqldb:mem:testdb'
]]></system-err>
  </testcase>
  <testcase name="testSave" classname="edu.school21.repositories.ProductRepositoryJdbcImplTest" time="0.068">
    <system-err><![CDATA[Apr 29, 2022 2:06:13 AM org.springframework.jdbc.datasource.embedded.EmbeddedDatabaseFactory initDatabase
INFO: Starting embedded database: url='jdbc:hsqldb:mem:testdb', username='sa'
Apr 29, 2022 2:06:13 AM org.springframework.jdbc.datasource.embedded.EmbeddedDatabaseFactory shutdownDatabase
INFO: Shutting down embedded database: url='jdbc:hsqldb:mem:testdb'
]]></system-err>
  </testcase>
  <testcase name="testFindById" classname="edu.school21.repositories.ProductRepositoryJdbcImplTest" time="0.064">
    <system-err><![CDATA[Apr 29, 2022 2:06:13 AM org.springframework.jdbc.datasource.embedded.EmbeddedDatabaseFactory initDatabase
INFO: Starting embedded database: url='jdbc:hsqldb:mem:testdb', username='sa'
Apr 29, 2022 2:06:13 AM org.springframework.jdbc.datasource.embedded.EmbeddedDatabaseFactory shutdownDatabase
INFO: Shutting down embedded database: url='jdbc:hsqldb:mem:testdb'
]]></system-err>
  </testcase>
  <testcase name="testDelete" classname="edu.school21.repositories.ProductRepositoryJdbcImplTest" time="0.085">
    <system-err><![CDATA[Apr 29, 2022 2:06:13 AM org.springframework.jdbc.datasource.embedded.EmbeddedDatabaseFactory initDatabase
INFO: Starting embedded database: url='jdbc:hsqldb:mem:testdb', username='sa'
Apr 29, 2022 2:06:13 AM org.springframework.jdbc.datasource.embedded.EmbeddedDatabaseFactory shutdownDatabase
INFO: Shutting down embedded database: url='jdbc:hsqldb:mem:testdb'
]]></system-err>
  </testcase>
  <testcase name="testUpdate" classname="edu.school21.repositories.ProductRepositoryJdbcImplTest" time="0.094">
    <system-err><![CDATA[Apr 29, 2022 2:06:13 AM org.springframework.jdbc.datasource.embedded.EmbeddedDatabaseFactory initDatabase
INFO: Starting embedded database: url='jdbc:hsqldb:mem:testdb', username='sa'
Apr 29, 2022 2:06:14 AM org.springframework.jdbc.datasource.embedded.EmbeddedDatabaseFactory shutdownDatabase
INFO: Shutting down embedded database: url='jdbc:hsqldb:mem:testdb'
]]></system-err>
  </testcase>
</testsuite>